d:\school\semester 5\graphics\assignment 4\componentframework\debug\vc141.pdb
d:\school\semester 5\graphics\assignment 4\componentframework\debug\vc141.idb
d:\school\semester 5\graphics\assignment 4\componentframework\debug\camera.obj
d:\school\semester 5\graphics\assignment 4\componentframework\debug\debug.obj
d:\school\semester 5\graphics\assignment 4\componentframework\debug\gamescenemanager.obj
d:\school\semester 5\graphics\assignment 4\componentframework\debug\mesh.obj
d:\school\semester 5\graphics\assignment 4\componentframework\debug\main.obj
d:\school\semester 5\graphics\assignment 4\componentframework\debug\mmath.obj
d:\school\semester 5\graphics\assignment 4\componentframework\debug\model.obj
d:\school\semester 5\graphics\assignment 4\componentframework\debug\objloader.obj
d:\school\semester 5\graphics\assignment 4\componentframework\debug\scene.obj
d:\school\semester 5\graphics\assignment 4\componentframework\debug\scene1.obj
d:\school\semester 5\graphics\assignment 4\componentframework\debug\sceneenvironment.obj
d:\school\semester 5\graphics\assignment 4\componentframework\debug\shader.obj
d:\school\semester 5\graphics\assignment 4\componentframework\debug\timer.obj
d:\school\semester 5\graphics\assignment 4\componentframework\debug\trackball.obj
d:\school\semester 5\graphics\assignment 4\componentframework\debug\vmath.obj
d:\school\semester 5\graphics\assignment 4\componentframework\debug\window.obj
d:\school\semester 5\graphics\assignment 4\componentframework\debug\componen.f2dcb53b.tlog\cl.command.1.tlog
d:\school\semester 5\graphics\assignment 4\componentframework\debug\componen.f2dcb53b.tlog\cl.read.1.tlog
d:\school\semester 5\graphics\assignment 4\componentframework\debug\componen.f2dcb53b.tlog\cl.write.1.tlog
